Using pre-set license

 COMMAND LINE ARGUMENTS:
/Applications/2021.1.1f1c1/Unity.app/Contents/MacOS/Unity
-adb2
-batchMode
-noUpm
-name
AssetImportWorker0
-projectPath
/Users/chenyuxuansam/Desktop/Repository/learnUnity/Unity/GunSys
-logFile
Logs/AssetImportWorker0.log
-srvPort
51027
Successfully changed project path to: /Users/chenyuxuansam/Desktop/Repository/learnUnity/Unity/GunSys
/Users/chenyuxuansam/Desktop/Repository/learnUnity/Unity/GunSys
Using Asset Import Pipeline V2.
Refreshing native plugins compatible for Editor in 73.82 ms, found 1 plugins.
Preloading 0 native plugins for Editor in 0.00 ms.
Initialize engine version: 2021.1.1f1c1 (161c7d07c8e4)
[Subsystems] Discovering subsystems at path /Applications/2021.1.1f1c1/Unity.app/Contents/Resources/UnitySubsystems
[Subsystems] Discovering subsystems at path /Users/chenyuxuansam/Desktop/Repository/learnUnity/Unity/GunSys/Assets
GfxDevice: creating device client; threaded=0; jobified=0
2021-05-14 20:48:42.019 Unity[3407:83367] (null) preferred device: Apple M1 (high power)
2021-05-14 20:48:42.019 Unity[3407:83367] Metal devices available: 1
2021-05-14 20:48:42.019 Unity[3407:83367] 0: Apple M1 (high power)
2021-05-14 20:48:42.020 Unity[3407:83367] Using device Apple M1 (high power)
Initializing Metal device caps: Apple M1
Initialize mono
Mono path[0] = '/Applications/2021.1.1f1c1/Unity.app/Contents/Managed'
Mono path[1] = '/Applications/2021.1.1f1c1/Unity.app/Contents/MonoBleedingEdge/lib/mono/unityjit'
Mono config path = '/Applications/2021.1.1f1c1/Unity.app/Contents/MonoBleedingEdge/etc'
Using monoOptions --debugger-agent=transport=dt_socket,embedding=1,server=y,suspend=n,address=127.0.0.1:56407
Begin MonoManager ReloadAssembly
Registering precompiled unity dll's ...
Register platform support module: /Applications/2021.1.1f1c1/PlaybackEngines/WebGLSupport/UnityEditor.WebGL.Extensions.dll
Register platform support module: /Applications/2021.1.1f1c1/Unity.app/Contents/PlaybackEngines/MacStandaloneSupport/UnityEditor.OSXStandalone.Extensions.dll
Register platform support module: /Applications/2021.1.1f1c1/PlaybackEngines/WindowsStandaloneSupport/UnityEditor.WindowsStandalone.Extensions.dll
Registered in 0.000567 seconds.
Native extension for WindowsStandalone target not found
Native extension for OSXStandalone target not found
Native extension for WebGL target not found
Refreshing native plugins compatible for Editor in 76.64 ms, found 1 plugins.
Preloading 0 native plugins for Editor in 0.00 ms.
Mono: successfully reloaded assembly
- Completed reload, in  2.213 seconds
Platform modules already initialized, skipping
Registering precompiled user dll's ...
Registered in 0.001234 seconds.
Begin MonoManager ReloadAssembly
Native extension for WindowsStandalone target not found
Native extension for OSXStandalone target not found
Native extension for WebGL target not found
Refreshing native plugins compatible for Editor in 0.45 ms, found 1 plugins.
Preloading 0 native plugins for Editor in 0.00 ms.
Mono: successfully reloaded assembly
- Completed reload, in  2.301 seconds
Platform modules already initialized, skipping
========================================================================
Worker process is ready to serve import requests
Launching external process: /Applications/2021.1.1f1c1/Unity.app/Contents/Tools/UnityShaderCompiler
Launched and connected shader compiler UnityShaderCompiler after 0.03 seconds
Refreshing native plugins compatible for Editor in 0.64 ms, found 1 plugins.
Preloading 0 native plugins for Editor in 0.00 ms.
Unloading 2682 Unused Serialized files (Serialized files now loaded: 0)
System memory in use before: 168.8 MB.
System memory in use after: 169.0 MB.

Unloading 15 unused Assets to reduce memory usage. Loaded Objects now: 3134.
Total: 1.667542 ms (FindLiveObjects: 0.178500 ms CreateObjectMapping: 0.054500 ms MarkObjects: 1.345791 ms  DeleteObjects: 0.087625 ms)

========================================================================
Received Import Request.
  path: Assets/SFramework/Resources/Panel.prefab
  artifactKey: Guid(a83063aec1ff640dea0178d1ed965df2) Importer(815301076,1909f56bfc062723c751e8b465ee728b)
Start importing Assets/SFramework/Resources/Panel.prefab using Guid(a83063aec1ff640dea0178d1ed965df2) Importer(815301076,1909f56bfc062723c751e8b465ee728b)  -> (artifact id: '014a1e3330d2e7fabee93d6408fcce35') in 0.720888 seconds 
========================================================================
Received Import Request.
  Time since last request: 0.000266 seconds.
  path: Assets/WeaponSys/Test/Pistal.cs
  artifactKey: Guid(4f209ca681b2a4e6481be35416aa0493) Importer(815301076,1909f56bfc062723c751e8b465ee728b)
Start importing Assets/WeaponSys/Test/Pistal.cs using Guid(4f209ca681b2a4e6481be35416aa0493) Importer(815301076,1909f56bfc062723c751e8b465ee728b)  -> (artifact id: 'e30b5708502e9ff4dca97cec13bfc982') in 0.183464 seconds 
========================================================================
Received Import Request.
  Time since last request: 0.000764 seconds.
  path: Assets/WeaponSys/Test/WeaponManager.cs
  artifactKey: Guid(8bfbdee8b503a41749819323f1a5c603) Importer(815301076,1909f56bfc062723c751e8b465ee728b)
Start importing Assets/WeaponSys/Test/WeaponManager.cs using Guid(8bfbdee8b503a41749819323f1a5c603) Importer(815301076,1909f56bfc062723c751e8b465ee728b)  -> (artifact id: 'da57b2e53f841be177f6d7afe37cd99d') in 0.001834 seconds 
========================================================================
Received Prepare
Registering precompiled user dll's ...
Registered in 0.001108 seconds.
Begin MonoManager ReloadAssembly
Native extension for WindowsStandalone target not found
Native extension for OSXStandalone target not found
Native extension for WebGL target not found
Refreshing native plugins compatible for Editor in 0.45 ms, found 1 plugins.
Preloading 0 native plugins for Editor in 0.00 ms.
Mono: successfully reloaded assembly
- Completed reload, in  1.997 seconds
Platform modules already initialized, skipping
Refreshing native plugins compatible for Editor in 0.38 ms, found 1 plugins.
Preloading 0 native plugins for Editor in 0.00 ms.
Unloading 2677 Unused Serialized files (Serialized files now loaded: 0)
System memory in use before: 177.6 MB.
System memory in use after: 177.8 MB.

Unloading 11 unused Assets to reduce memory usage. Loaded Objects now: 3137.
Total: 1.438416 ms (FindLiveObjects: 0.141500 ms CreateObjectMapping: 0.056375 ms MarkObjects: 1.180416 ms  DeleteObjects: 0.059292 ms)

========================================================================
Received Import Request.
  Time since last request: 237.236449 seconds.
  path: Assets/WeaponSys/Test/Pistal.cs
  artifactKey: Guid(4f209ca681b2a4e6481be35416aa0493) Importer(815301076,1909f56bfc062723c751e8b465ee728b)
Start importing Assets/WeaponSys/Test/Pistal.cs using Guid(4f209ca681b2a4e6481be35416aa0493) Importer(815301076,1909f56bfc062723c751e8b465ee728b)  -> (artifact id: '607cec87a605c034e1d1e99c5f2a761d') in 0.007359 seconds 
========================================================================
Received Prepare
Registering precompiled user dll's ...
Registered in 0.002610 seconds.
Begin MonoManager ReloadAssembly
Native extension for WindowsStandalone target not found
Native extension for OSXStandalone target not found
Native extension for WebGL target not found
Refreshing native plugins compatible for Editor in 0.44 ms, found 1 plugins.
Preloading 0 native plugins for Editor in 0.00 ms.
Mono: successfully reloaded assembly
- Completed reload, in  2.016 seconds
Platform modules already initialized, skipping
Refreshing native plugins compatible for Editor in 0.44 ms, found 1 plugins.
Preloading 0 native plugins for Editor in 0.00 ms.
Unloading 2677 Unused Serialized files (Serialized files now loaded: 0)
System memory in use before: 177.9 MB.
System memory in use after: 178.1 MB.

Unloading 10 unused Assets to reduce memory usage. Loaded Objects now: 3140.
Total: 1.466291 ms (FindLiveObjects: 0.141917 ms CreateObjectMapping: 0.059541 ms MarkObjects: 1.217417 ms  DeleteObjects: 0.046416 ms)

========================================================================
Received Import Request.
  Time since last request: 110.909648 seconds.
  path: Assets/WeaponSys/Test/Pistal.cs
  artifactKey: Guid(4f209ca681b2a4e6481be35416aa0493) Importer(815301076,1909f56bfc062723c751e8b465ee728b)
Start importing Assets/WeaponSys/Test/Pistal.cs using Guid(4f209ca681b2a4e6481be35416aa0493) Importer(815301076,1909f56bfc062723c751e8b465ee728b)  -> (artifact id: '3079c66e29aa8079d202996c943fe4e3') in 0.006759 seconds 
========================================================================
Received Prepare
Registering precompiled user dll's ...
Registered in 0.001308 seconds.
Begin MonoManager ReloadAssembly
Native extension for WindowsStandalone target not found
Native extension for OSXStandalone target not found
Native extension for WebGL target not found
Refreshing native plugins compatible for Editor in 0.45 ms, found 1 plugins.
Preloading 0 native plugins for Editor in 0.00 ms.
Mono: successfully reloaded assembly
- Completed reload, in  1.967 seconds
Platform modules already initialized, skipping
Refreshing native plugins compatible for Editor in 0.33 ms, found 1 plugins.
Preloading 0 native plugins for Editor in 0.00 ms.
Unloading 2677 Unused Serialized files (Serialized files now loaded: 0)
System memory in use before: 178.1 MB.
System memory in use after: 178.3 MB.

Unloading 10 unused Assets to reduce memory usage. Loaded Objects now: 3143.
Total: 1.416958 ms (FindLiveObjects: 0.121666 ms CreateObjectMapping: 0.055667 ms MarkObjects: 1.193167 ms  DeleteObjects: 0.045750 ms)

========================================================================
Received Prepare
Registering precompiled user dll's ...
Registered in 0.002013 seconds.
Begin MonoManager ReloadAssembly
Native extension for WindowsStandalone target not found
Native extension for OSXStandalone target not found
Native extension for WebGL target not found
Refreshing native plugins compatible for Editor in 0.44 ms, found 1 plugins.
Preloading 0 native plugins for Editor in 0.00 ms.
Mono: successfully reloaded assembly
- Completed reload, in  2.005 seconds
Platform modules already initialized, skipping
Refreshing native plugins compatible for Editor in 0.35 ms, found 1 plugins.
Preloading 0 native plugins for Editor in 0.00 ms.
Unloading 2677 Unused Serialized files (Serialized files now loaded: 0)
System memory in use before: 178.3 MB.
System memory in use after: 178.5 MB.

Unloading 10 unused Assets to reduce memory usage. Loaded Objects now: 3146.
Total: 1.405916 ms (FindLiveObjects: 0.131416 ms CreateObjectMapping: 0.055792 ms MarkObjects: 1.173833 ms  DeleteObjects: 0.044000 ms)

========================================================================
Received Import Request.
  Time since last request: 235.094033 seconds.
  path: Assets/SFramework/Resources/NormalBullet.prefab
  artifactKey: Guid(0b1cb98c124524833add7de73aefad5c) Importer(815301076,1909f56bfc062723c751e8b465ee728b)
Start importing Assets/SFramework/Resources/NormalBullet.prefab using Guid(0b1cb98c124524833add7de73aefad5c) Importer(815301076,1909f56bfc062723c751e8b465ee728b)  -> (artifact id: 'a28e4112b2a50cc29d84ea961c02f7f9') in 0.066099 seconds 
========================================================================
Received Prepare
Registering precompiled user dll's ...
Registered in 0.001116 seconds.
Begin MonoManager ReloadAssembly
Native extension for WindowsStandalone target not found
Native extension for OSXStandalone target not found
Native extension for WebGL target not found
Refreshing native plugins compatible for Editor in 0.44 ms, found 1 plugins.
Preloading 0 native plugins for Editor in 0.00 ms.
Mono: successfully reloaded assembly
- Completed reload, in  1.993 seconds
Platform modules already initialized, skipping
Refreshing native plugins compatible for Editor in 0.34 ms, found 1 plugins.
Preloading 0 native plugins for Editor in 0.00 ms.
Unloading 2677 Unused Serialized files (Serialized files now loaded: 0)
System memory in use before: 178.5 MB.
System memory in use after: 178.7 MB.

Unloading 10 unused Assets to reduce memory usage. Loaded Objects now: 3149.
Total: 1.424167 ms (FindLiveObjects: 0.143667 ms CreateObjectMapping: 0.058333 ms MarkObjects: 1.177334 ms  DeleteObjects: 0.043917 ms)

========================================================================
Received Prepare
Registering precompiled user dll's ...
Registered in 0.001131 seconds.
Begin MonoManager ReloadAssembly
Native extension for WindowsStandalone target not found
Native extension for OSXStandalone target not found
Native extension for WebGL target not found
Refreshing native plugins compatible for Editor in 0.48 ms, found 1 plugins.
Preloading 0 native plugins for Editor in 0.00 ms.
Mono: successfully reloaded assembly
- Completed reload, in  2.008 seconds
Platform modules already initialized, skipping
Refreshing native plugins compatible for Editor in 0.38 ms, found 1 plugins.
Preloading 0 native plugins for Editor in 0.00 ms.
Unloading 2677 Unused Serialized files (Serialized files now loaded: 0)
System memory in use before: 178.7 MB.
System memory in use after: 178.9 MB.

Unloading 10 unused Assets to reduce memory usage. Loaded Objects now: 3152.
Total: 1.375416 ms (FindLiveObjects: 0.146000 ms CreateObjectMapping: 0.051250 ms MarkObjects: 1.128541 ms  DeleteObjects: 0.048666 ms)

========================================================================
Received Import Request.
  Time since last request: 142.620680 seconds.
  path: Assets/SFramework/Resources
  artifactKey: Guid(4ac58eded2fd44bfda56c1dd5154a05f) Importer(815301076,1909f56bfc062723c751e8b465ee728b)
Start importing Assets/SFramework/Resources using Guid(4ac58eded2fd44bfda56c1dd5154a05f) Importer(815301076,1909f56bfc062723c751e8b465ee728b)  -> (artifact id: '15deffc41d71bd2fa4e8d6fcfee5074a') in 0.005937 seconds 
========================================================================
Received Import Request.
  Time since last request: 3.020104 seconds.
  path: Assets/SFramework/Resources/UIRoot.prefab
  artifactKey: Guid(a3715f8bbf83d4f85b29f079a28b23fe) Importer(815301076,1909f56bfc062723c751e8b465ee728b)
Start importing Assets/SFramework/Resources/UIRoot.prefab using Guid(a3715f8bbf83d4f85b29f079a28b23fe) Importer(815301076,1909f56bfc062723c751e8b465ee728b)  -> (artifact id: 'b16a65dc173d725302212bc6651c8070') in 0.074375 seconds 
========================================================================
Received Prepare
Registering precompiled user dll's ...
Registered in 0.001464 seconds.
Begin MonoManager ReloadAssembly
Native extension for WindowsStandalone target not found
Native extension for OSXStandalone target not found
Native extension for WebGL target not found
Refreshing native plugins compatible for Editor in 0.44 ms, found 1 plugins.
Preloading 0 native plugins for Editor in 0.00 ms.
Mono: successfully reloaded assembly
- Completed reload, in  1.987 seconds
Platform modules already initialized, skipping
Refreshing native plugins compatible for Editor in 0.41 ms, found 1 plugins.
Preloading 0 native plugins for Editor in 0.00 ms.
Unloading 2677 Unused Serialized files (Serialized files now loaded: 0)
System memory in use before: 178.9 MB.
System memory in use after: 179.1 MB.

Unloading 10 unused Assets to reduce memory usage. Loaded Objects now: 3155.
Total: 1.433875 ms (FindLiveObjects: 0.147958 ms CreateObjectMapping: 0.056875 ms MarkObjects: 1.184000 ms  DeleteObjects: 0.044250 ms)

========================================================================
Received Import Request.
  Time since last request: 106.753836 seconds.
  path: Assets/SFramework/Resources/NormalBullet.prefab
  artifactKey: Guid(0b1cb98c124524833add7de73aefad5c) Importer(815301076,1909f56bfc062723c751e8b465ee728b)
Start importing Assets/SFramework/Resources/NormalBullet.prefab using Guid(0b1cb98c124524833add7de73aefad5c) Importer(815301076,1909f56bfc062723c751e8b465ee728b)  -> (artifact id: 'd639f3edadcb2b4db7d312c24794f654') in 0.065783 seconds 
========================================================================
Received Prepare
Registering precompiled user dll's ...
Registered in 0.001356 seconds.
Begin MonoManager ReloadAssembly
Native extension for WindowsStandalone target not found
Native extension for OSXStandalone target not found
Native extension for WebGL target not found
Refreshing native plugins compatible for Editor in 0.43 ms, found 1 plugins.
Preloading 0 native plugins for Editor in 0.00 ms.
Mono: successfully reloaded assembly
- Completed reload, in  2.009 seconds
Platform modules already initialized, skipping
Refreshing native plugins compatible for Editor in 0.42 ms, found 1 plugins.
Preloading 0 native plugins for Editor in 0.00 ms.
Unloading 2677 Unused Serialized files (Serialized files now loaded: 0)
System memory in use before: 179.1 MB.
System memory in use after: 179.3 MB.

Unloading 10 unused Assets to reduce memory usage. Loaded Objects now: 3158.
Total: 1.488666 ms (FindLiveObjects: 0.147834 ms CreateObjectMapping: 0.056666 ms MarkObjects: 1.234125 ms  DeleteObjects: 0.049166 ms)

========================================================================
Received Prepare
Registering precompiled user dll's ...
Registered in 0.001120 seconds.
Begin MonoManager ReloadAssembly
Native extension for WindowsStandalone target not found
Native extension for OSXStandalone target not found
Native extension for WebGL target not found
Refreshing native plugins compatible for Editor in 0.77 ms, found 1 plugins.
Preloading 0 native plugins for Editor in 0.00 ms.
Mono: successfully reloaded assembly
- Completed reload, in  1.945 seconds
Platform modules already initialized, skipping
Refreshing native plugins compatible for Editor in 0.69 ms, found 1 plugins.
Preloading 0 native plugins for Editor in 0.00 ms.
Unloading 2677 Unused Serialized files (Serialized files now loaded: 0)
System memory in use before: 179.3 MB.
System memory in use after: 179.5 MB.

Unloading 10 unused Assets to reduce memory usage. Loaded Objects now: 3161.
Total: 1.352833 ms (FindLiveObjects: 0.137250 ms CreateObjectMapping: 0.058708 ms MarkObjects: 1.110250 ms  DeleteObjects: 0.045458 ms)

========================================================================
Received Prepare
Registering precompiled user dll's ...
Registered in 0.001112 seconds.
Begin MonoManager ReloadAssembly
Native extension for WindowsStandalone target not found
Native extension for OSXStandalone target not found
Native extension for WebGL target not found
Refreshing native plugins compatible for Editor in 0.44 ms, found 1 plugins.
Preloading 0 native plugins for Editor in 0.00 ms.
Mono: successfully reloaded assembly
- Completed reload, in  1.997 seconds
Platform modules already initialized, skipping
Refreshing native plugins compatible for Editor in 0.38 ms, found 1 plugins.
Preloading 0 native plugins for Editor in 0.00 ms.
Unloading 2677 Unused Serialized files (Serialized files now loaded: 0)
System memory in use before: 179.4 MB.
System memory in use after: 179.6 MB.

Unloading 10 unused Assets to reduce memory usage. Loaded Objects now: 3164.
Total: 1.392042 ms (FindLiveObjects: 0.133125 ms CreateObjectMapping: 0.058833 ms MarkObjects: 1.156458 ms  DeleteObjects: 0.042750 ms)

========================================================================
Received Prepare
Registering precompiled user dll's ...
Registered in 0.001951 seconds.
Begin MonoManager ReloadAssembly
Native extension for WindowsStandalone target not found
Native extension for OSXStandalone target not found
Native extension for WebGL target not found
Refreshing native plugins compatible for Editor in 0.44 ms, found 1 plugins.
Preloading 0 native plugins for Editor in 0.00 ms.
Mono: successfully reloaded assembly
- Completed reload, in  1.980 seconds
Platform modules already initialized, skipping
Refreshing native plugins compatible for Editor in 0.43 ms, found 1 plugins.
Preloading 0 native plugins for Editor in 0.00 ms.
Unloading 2677 Unused Serialized files (Serialized files now loaded: 0)
System memory in use before: 179.6 MB.
System memory in use after: 179.8 MB.

Unloading 10 unused Assets to reduce memory usage. Loaded Objects now: 3167.
Total: 1.834584 ms (FindLiveObjects: 0.188416 ms CreateObjectMapping: 0.058125 ms MarkObjects: 1.537291 ms  DeleteObjects: 0.049583 ms)

========================================================================
Received Prepare
Registering precompiled user dll's ...
Registered in 0.001295 seconds.
Begin MonoManager ReloadAssembly
Native extension for WindowsStandalone target not found
Native extension for OSXStandalone target not found
Native extension for WebGL target not found
Refreshing native plugins compatible for Editor in 0.43 ms, found 1 plugins.
Preloading 0 native plugins for Editor in 0.00 ms.
Mono: successfully reloaded assembly
- Completed reload, in  2.008 seconds
Platform modules already initialized, skipping
Refreshing native plugins compatible for Editor in 0.28 ms, found 1 plugins.
Preloading 0 native plugins for Editor in 0.00 ms.
Unloading 2677 Unused Serialized files (Serialized files now loaded: 0)
System memory in use before: 179.8 MB.
System memory in use after: 180.0 MB.

Unloading 10 unused Assets to reduce memory usage. Loaded Objects now: 3170.
Total: 1.336166 ms (FindLiveObjects: 0.111792 ms CreateObjectMapping: 0.056625 ms MarkObjects: 1.122375 ms  DeleteObjects: 0.044500 ms)

========================================================================
Received Prepare
Registering precompiled user dll's ...
Registered in 0.001092 seconds.
Begin MonoManager ReloadAssembly
Native extension for WindowsStandalone target not found
Native extension for OSXStandalone target not found
Native extension for WebGL target not found
Refreshing native plugins compatible for Editor in 0.47 ms, found 1 plugins.
Preloading 0 native plugins for Editor in 0.00 ms.
Mono: successfully reloaded assembly
- Completed reload, in  2.011 seconds
Platform modules already initialized, skipping
Refreshing native plugins compatible for Editor in 0.34 ms, found 1 plugins.
Preloading 0 native plugins for Editor in 0.00 ms.
Unloading 2677 Unused Serialized files (Serialized files now loaded: 0)
System memory in use before: 180.0 MB.
System memory in use after: 180.2 MB.

Unloading 10 unused Assets to reduce memory usage. Loaded Objects now: 3173.
Total: 1.423708 ms (FindLiveObjects: 0.137458 ms CreateObjectMapping: 0.057500 ms MarkObjects: 1.183625 ms  DeleteObjects: 0.044125 ms)

========================================================================
Received Prepare
Registering precompiled user dll's ...
Registered in 0.000951 seconds.
Begin MonoManager ReloadAssembly
Native extension for WindowsStandalone target not found
Native extension for OSXStandalone target not found
Native extension for WebGL target not found
Refreshing native plugins compatible for Editor in 0.49 ms, found 1 plugins.
Preloading 0 native plugins for Editor in 0.00 ms.
Mono: successfully reloaded assembly
- Completed reload, in  1.871 seconds
Platform modules already initialized, skipping
Refreshing native plugins compatible for Editor in 0.24 ms, found 1 plugins.
Preloading 0 native plugins for Editor in 0.00 ms.
Unloading 2677 Unused Serialized files (Serialized files now loaded: 0)
System memory in use before: 180.2 MB.
System memory in use after: 180.4 MB.

Unloading 10 unused Assets to reduce memory usage. Loaded Objects now: 3176.
Total: 1.356667 ms (FindLiveObjects: 0.123334 ms CreateObjectMapping: 0.055834 ms MarkObjects: 1.132250 ms  DeleteObjects: 0.043958 ms)

========================================================================
Received Prepare
Registering precompiled user dll's ...
Registered in 0.001237 seconds.
Begin MonoManager ReloadAssembly
Native extension for WindowsStandalone target not found
Native extension for OSXStandalone target not found
Native extension for WebGL target not found
Refreshing native plugins compatible for Editor in 0.42 ms, found 1 plugins.
Preloading 0 native plugins for Editor in 0.00 ms.
Mono: successfully reloaded assembly
- Completed reload, in  1.996 seconds
Platform modules already initialized, skipping
Refreshing native plugins compatible for Editor in 0.45 ms, found 1 plugins.
Preloading 0 native plugins for Editor in 0.00 ms.
Unloading 2677 Unused Serialized files (Serialized files now loaded: 0)
System memory in use before: 180.4 MB.
System memory in use after: 180.6 MB.

Unloading 10 unused Assets to reduce memory usage. Loaded Objects now: 3179.
Total: 1.643334 ms (FindLiveObjects: 0.164792 ms CreateObjectMapping: 0.062083 ms MarkObjects: 1.359375 ms  DeleteObjects: 0.056250 ms)

========================================================================
Received Prepare
Registering precompiled user dll's ...
Registered in 0.000995 seconds.
Begin MonoManager ReloadAssembly
Native extension for WindowsStandalone target not found
Native extension for OSXStandalone target not found
Native extension for WebGL target not found
Refreshing native plugins compatible for Editor in 0.52 ms, found 1 plugins.
Preloading 0 native plugins for Editor in 0.00 ms.
Mono: successfully reloaded assembly
- Completed reload, in  1.971 seconds
Platform modules already initialized, skipping
Refreshing native plugins compatible for Editor in 0.39 ms, found 1 plugins.
Preloading 0 native plugins for Editor in 0.00 ms.
Unloading 2677 Unused Serialized files (Serialized files now loaded: 0)
System memory in use before: 180.6 MB.
System memory in use after: 180.8 MB.

Unloading 10 unused Assets to reduce memory usage. Loaded Objects now: 3182.
Total: 1.435125 ms (FindLiveObjects: 0.136750 ms CreateObjectMapping: 0.058042 ms MarkObjects: 1.193500 ms  DeleteObjects: 0.046042 ms)

========================================================================
Received Prepare
Registering precompiled user dll's ...
Registered in 0.001197 seconds.
Begin MonoManager ReloadAssembly
Native extension for WindowsStandalone target not found
Native extension for OSXStandalone target not found
Native extension for WebGL target not found
Refreshing native plugins compatible for Editor in 0.43 ms, found 1 plugins.
Preloading 0 native plugins for Editor in 0.00 ms.
Mono: successfully reloaded assembly
- Completed reload, in  1.962 seconds
Platform modules already initialized, skipping
Refreshing native plugins compatible for Editor in 0.32 ms, found 1 plugins.
Preloading 0 native plugins for Editor in 0.00 ms.
Unloading 2677 Unused Serialized files (Serialized files now loaded: 0)
System memory in use before: 180.8 MB.
System memory in use after: 181.0 MB.

Unloading 10 unused Assets to reduce memory usage. Loaded Objects now: 3185.
Total: 1.411958 ms (FindLiveObjects: 0.134334 ms CreateObjectMapping: 0.057042 ms MarkObjects: 1.175083 ms  DeleteObjects: 0.044333 ms)

========================================================================
Received Prepare
Registering precompiled user dll's ...
Registered in 0.001054 seconds.
Begin MonoManager ReloadAssembly
Native extension for WindowsStandalone target not found
Native extension for OSXStandalone target not found
Native extension for WebGL target not found
Refreshing native plugins compatible for Editor in 0.42 ms, found 1 plugins.
Preloading 0 native plugins for Editor in 0.00 ms.
Mono: successfully reloaded assembly
- Completed reload, in  1.915 seconds
Platform modules already initialized, skipping
Refreshing native plugins compatible for Editor in 0.40 ms, found 1 plugins.
Preloading 0 native plugins for Editor in 0.00 ms.
Unloading 2677 Unused Serialized files (Serialized files now loaded: 0)
System memory in use before: 181.0 MB.
System memory in use after: 181.2 MB.

Unloading 10 unused Assets to reduce memory usage. Loaded Objects now: 3188.
Total: 1.379167 ms (FindLiveObjects: 0.128125 ms CreateObjectMapping: 0.054833 ms MarkObjects: 1.150625 ms  DeleteObjects: 0.044667 ms)

========================================================================
Received Prepare
Registering precompiled user dll's ...
Registered in 0.001118 seconds.
Begin MonoManager ReloadAssembly
Native extension for WindowsStandalone target not found
Native extension for OSXStandalone target not found
Native extension for WebGL target not found
Refreshing native plugins compatible for Editor in 0.45 ms, found 1 plugins.
Preloading 0 native plugins for Editor in 0.00 ms.
Mono: successfully reloaded assembly
- Completed reload, in  2.053 seconds
Platform modules already initialized, skipping
Refreshing native plugins compatible for Editor in 0.39 ms, found 1 plugins.
Preloading 0 native plugins for Editor in 0.00 ms.
Unloading 2677 Unused Serialized files (Serialized files now loaded: 0)
System memory in use before: 181.1 MB.
System memory in use after: 181.3 MB.

Unloading 10 unused Assets to reduce memory usage. Loaded Objects now: 3191.
Total: 1.504333 ms (FindLiveObjects: 0.153667 ms CreateObjectMapping: 0.059375 ms MarkObjects: 1.239750 ms  DeleteObjects: 0.050458 ms)

========================================================================
Received Prepare
Registering precompiled user dll's ...
Registered in 0.001175 seconds.
Begin MonoManager ReloadAssembly
Native extension for WindowsStandalone target not found
Native extension for OSXStandalone target not found
Native extension for WebGL target not found
Refreshing native plugins compatible for Editor in 0.46 ms, found 1 plugins.
Preloading 0 native plugins for Editor in 0.00 ms.
Mono: successfully reloaded assembly
- Completed reload, in  2.030 seconds
Platform modules already initialized, skipping
Refreshing native plugins compatible for Editor in 0.38 ms, found 1 plugins.
Preloading 0 native plugins for Editor in 0.00 ms.
Unloading 2677 Unused Serialized files (Serialized files now loaded: 0)
System memory in use before: 181.3 MB.
System memory in use after: 181.5 MB.

Unloading 10 unused Assets to reduce memory usage. Loaded Objects now: 3194.
Total: 1.431125 ms (FindLiveObjects: 0.145625 ms CreateObjectMapping: 0.057042 ms MarkObjects: 1.184958 ms  DeleteObjects: 0.042750 ms)

========================================================================
Received Prepare
Registering precompiled user dll's ...
Registered in 0.001159 seconds.
Begin MonoManager ReloadAssembly
Native extension for WindowsStandalone target not found
Native extension for OSXStandalone target not found
Native extension for WebGL target not found
Refreshing native plugins compatible for Editor in 0.45 ms, found 1 plugins.
Preloading 0 native plugins for Editor in 0.00 ms.
Mono: successfully reloaded assembly
- Completed reload, in  1.999 seconds
Platform modules already initialized, skipping
Refreshing native plugins compatible for Editor in 0.33 ms, found 1 plugins.
Preloading 0 native plugins for Editor in 0.00 ms.
Unloading 2677 Unused Serialized files (Serialized files now loaded: 0)
System memory in use before: 181.5 MB.
System memory in use after: 181.7 MB.

Unloading 10 unused Assets to reduce memory usage. Loaded Objects now: 3197.
Total: 1.430709 ms (FindLiveObjects: 0.137375 ms CreateObjectMapping: 0.057458 ms MarkObjects: 1.190583 ms  DeleteObjects: 0.044000 ms)

========================================================================
Received Prepare
Registering precompiled user dll's ...
Registered in 0.001148 seconds.
Begin MonoManager ReloadAssembly
Native extension for WindowsStandalone target not found
Native extension for OSXStandalone target not found
Native extension for WebGL target not found
Refreshing native plugins compatible for Editor in 0.43 ms, found 1 plugins.
Preloading 0 native plugins for Editor in 0.00 ms.
Mono: successfully reloaded assembly
- Completed reload, in  1.950 seconds
Platform modules already initialized, skipping
Refreshing native plugins compatible for Editor in 0.38 ms, found 1 plugins.
Preloading 0 native plugins for Editor in 0.00 ms.
Unloading 2677 Unused Serialized files (Serialized files now loaded: 0)
System memory in use before: 181.7 MB.
System memory in use after: 181.9 MB.

Unloading 10 unused Assets to reduce memory usage. Loaded Objects now: 3200.
Total: 1.459458 ms (FindLiveObjects: 0.138000 ms CreateObjectMapping: 0.060167 ms MarkObjects: 1.210875 ms  DeleteObjects: 0.049416 ms)

========================================================================
Received Prepare
Registering precompiled user dll's ...
Registered in 0.001309 seconds.
Begin MonoManager ReloadAssembly
Native extension for WindowsStandalone target not found
Native extension for OSXStandalone target not found
Native extension for WebGL target not found
Refreshing native plugins compatible for Editor in 0.44 ms, found 1 plugins.
Preloading 0 native plugins for Editor in 0.00 ms.
Mono: successfully reloaded assembly
- Completed reload, in  1.994 seconds
Platform modules already initialized, skipping
Refreshing native plugins compatible for Editor in 0.45 ms, found 1 plugins.
Preloading 0 native plugins for Editor in 0.00 ms.
Unloading 2677 Unused Serialized files (Serialized files now loaded: 0)
System memory in use before: 181.9 MB.
System memory in use after: 182.1 MB.

Unloading 10 unused Assets to reduce memory usage. Loaded Objects now: 3203.
Total: 1.611708 ms (FindLiveObjects: 0.161208 ms CreateObjectMapping: 0.062625 ms MarkObjects: 1.337083 ms  DeleteObjects: 0.049625 ms)

========================================================================
Received Prepare
Registering precompiled user dll's ...
Registered in 0.001423 seconds.
Begin MonoManager ReloadAssembly
Native extension for WindowsStandalone target not found
Native extension for OSXStandalone target not found
Native extension for WebGL target not found
Refreshing native plugins compatible for Editor in 0.44 ms, found 1 plugins.
Preloading 0 native plugins for Editor in 0.00 ms.
Mono: successfully reloaded assembly
- Completed reload, in  1.981 seconds
Platform modules already initialized, skipping
Refreshing native plugins compatible for Editor in 0.39 ms, found 1 plugins.
Preloading 0 native plugins for Editor in 0.00 ms.
Unloading 2677 Unused Serialized files (Serialized files now loaded: 0)
System memory in use before: 182.1 MB.
System memory in use after: 182.3 MB.

Unloading 10 unused Assets to reduce memory usage. Loaded Objects now: 3206.
Total: 1.456667 ms (FindLiveObjects: 0.140250 ms CreateObjectMapping: 0.057334 ms MarkObjects: 1.210458 ms  DeleteObjects: 0.047792 ms)

========================================================================
Received Prepare
Registering precompiled user dll's ...
Registered in 0.001103 seconds.
Begin MonoManager ReloadAssembly
Native extension for WindowsStandalone target not found
Native extension for OSXStandalone target not found
Native extension for WebGL target not found
Refreshing native plugins compatible for Editor in 0.42 ms, found 1 plugins.
Preloading 0 native plugins for Editor in 0.00 ms.
Mono: successfully reloaded assembly
- Completed reload, in  1.953 seconds
Platform modules already initialized, skipping
Refreshing native plugins compatible for Editor in 0.40 ms, found 1 plugins.
Preloading 0 native plugins for Editor in 0.00 ms.
Unloading 2677 Unused Serialized files (Serialized files now loaded: 0)
System memory in use before: 182.3 MB.
System memory in use after: 182.5 MB.

Unloading 10 unused Assets to reduce memory usage. Loaded Objects now: 3209.
Total: 1.478291 ms (FindLiveObjects: 0.147500 ms CreateObjectMapping: 0.058750 ms MarkObjects: 1.221792 ms  DeleteObjects: 0.049500 ms)

========================================================================
Received Prepare
Registering precompiled user dll's ...
Registered in 0.001114 seconds.
Begin MonoManager ReloadAssembly
Native extension for WindowsStandalone target not found
Native extension for OSXStandalone target not found
Native extension for WebGL target not found
Refreshing native plugins compatible for Editor in 0.43 ms, found 1 plugins.
Preloading 0 native plugins for Editor in 0.00 ms.
Mono: successfully reloaded assembly
- Completed reload, in  1.945 seconds
Platform modules already initialized, skipping
Refreshing native plugins compatible for Editor in 0.30 ms, found 1 plugins.
Preloading 0 native plugins for Editor in 0.00 ms.
Unloading 2677 Unused Serialized files (Serialized files now loaded: 0)
System memory in use before: 182.4 MB.
System memory in use after: 182.6 MB.

Unloading 10 unused Assets to reduce memory usage. Loaded Objects now: 3212.
Total: 1.471000 ms (FindLiveObjects: 0.134750 ms CreateObjectMapping: 0.059041 ms MarkObjects: 1.232208 ms  DeleteObjects: 0.043833 ms)

========================================================================
Received Prepare
Registering precompiled user dll's ...
Registered in 0.001670 seconds.
Begin MonoManager ReloadAssembly
Native extension for WindowsStandalone target not found
Native extension for OSXStandalone target not found
Native extension for WebGL target not found
Refreshing native plugins compatible for Editor in 0.44 ms, found 1 plugins.
Preloading 0 native plugins for Editor in 0.00 ms.
Mono: successfully reloaded assembly
- Completed reload, in  2.048 seconds
Platform modules already initialized, skipping
Refreshing native plugins compatible for Editor in 0.63 ms, found 1 plugins.
Preloading 0 native plugins for Editor in 0.00 ms.
Unloading 2677 Unused Serialized files (Serialized files now loaded: 0)
System memory in use before: 182.6 MB.
System memory in use after: 182.8 MB.

Unloading 10 unused Assets to reduce memory usage. Loaded Objects now: 3215.
Total: 1.494000 ms (FindLiveObjects: 0.132167 ms CreateObjectMapping: 0.056667 ms MarkObjects: 1.254375 ms  DeleteObjects: 0.049959 ms)

========================================================================
Received Prepare
Registering precompiled user dll's ...
Registered in 0.001079 seconds.
Begin MonoManager ReloadAssembly
Native extension for WindowsStandalone target not found
Native extension for OSXStandalone target not found
Native extension for WebGL target not found
Refreshing native plugins compatible for Editor in 0.43 ms, found 1 plugins.
Preloading 0 native plugins for Editor in 0.00 ms.
Mono: successfully reloaded assembly
- Completed reload, in  2.052 seconds
Platform modules already initialized, skipping
Refreshing native plugins compatible for Editor in 0.31 ms, found 1 plugins.
Preloading 0 native plugins for Editor in 0.00 ms.
Unloading 2677 Unused Serialized files (Serialized files now loaded: 0)
System memory in use before: 182.8 MB.
System memory in use after: 183.0 MB.

Unloading 10 unused Assets to reduce memory usage. Loaded Objects now: 3218.
Total: 1.395625 ms (FindLiveObjects: 0.142333 ms CreateObjectMapping: 0.056875 ms MarkObjects: 1.152167 ms  DeleteObjects: 0.043125 ms)

========================================================================
Received Import Request.
  Time since last request: 2246.793485 seconds.
  path: Assets/WeaponSys/Resources
  artifactKey: Guid(30b10a6fa4fb643d68cf465d8eb1962b) Importer(815301076,1909f56bfc062723c751e8b465ee728b)
Start importing Assets/WeaponSys/Resources using Guid(30b10a6fa4fb643d68cf465d8eb1962b) Importer(815301076,1909f56bfc062723c751e8b465ee728b)  -> (artifact id: '13fa677e16efc8460775ac022a2bd032') in 0.008527 seconds 
========================================================================
Received Import Request.
  Time since last request: 37.769179 seconds.
  path: Assets/WeaponSys/GunSys.cs
  artifactKey: Guid(935fcc186b29e4cfe8a754d466a14886) Importer(815301076,1909f56bfc062723c751e8b465ee728b)
Start importing Assets/WeaponSys/GunSys.cs using Guid(935fcc186b29e4cfe8a754d466a14886) Importer(815301076,1909f56bfc062723c751e8b465ee728b)  -> (artifact id: '8da1732bf93c16a50be5fd2b368ec97c') in 0.002426 seconds 
========================================================================
Received Import Request.
  Time since last request: 0.001910 seconds.
  path: Assets/WeaponSys/Base/GunBase.cs
  artifactKey: Guid(98d41caf750d84975a6c81e37dd8434d) Importer(815301076,1909f56bfc062723c751e8b465ee728b)
Start importing Assets/WeaponSys/Base/GunBase.cs using Guid(98d41caf750d84975a6c81e37dd8434d) Importer(815301076,1909f56bfc062723c751e8b465ee728b)  -> (artifact id: '3832a650e1881ef4ceac7e44c4b1ae64') in 0.001870 seconds 
========================================================================
Received Import Request.
  Time since last request: 0.001155 seconds.
  path: Assets/WeaponSys/Test/WeaponManager.cs
  artifactKey: Guid(8bfbdee8b503a41749819323f1a5c603) Importer(815301076,1909f56bfc062723c751e8b465ee728b)
Start importing Assets/WeaponSys/Test/WeaponManager.cs using Guid(8bfbdee8b503a41749819323f1a5c603) Importer(815301076,1909f56bfc062723c751e8b465ee728b)  -> (artifact id: 'e7b36197023879020024c1b4e96aa32f') in 0.001773 seconds 
========================================================================
Received Import Request.
  Time since last request: 0.000720 seconds.
  path: Assets/WeaponSys/Base
  artifactKey: Guid(cbd4cc6ede3144fa281f32c783b06e4b) Importer(815301076,1909f56bfc062723c751e8b465ee728b)
Start importing Assets/WeaponSys/Base using Guid(cbd4cc6ede3144fa281f32c783b06e4b) Importer(815301076,1909f56bfc062723c751e8b465ee728b)  -> (artifact id: '5fe2feef929e8f18b92e44e50634dc07') in 0.000419 seconds 
========================================================================
Received Import Request.
  Time since last request: 0.000967 seconds.
  path: Assets/WeaponSys/Base/BulletBase.cs
  artifactKey: Guid(a00f482d5f515422ea9d1e30da7e3ded) Importer(815301076,1909f56bfc062723c751e8b465ee728b)
Start importing Assets/WeaponSys/Base/BulletBase.cs using Guid(a00f482d5f515422ea9d1e30da7e3ded) Importer(815301076,1909f56bfc062723c751e8b465ee728b)  -> (artifact id: 'e533289d00136df926708e3cf8b98710') in 0.001830 seconds 
========================================================================
Received Import Request.
  Time since last request: 0.001133 seconds.
  path: Assets/WeaponSys/Test/Pistal.cs
  artifactKey: Guid(4f209ca681b2a4e6481be35416aa0493) Importer(815301076,1909f56bfc062723c751e8b465ee728b)
Start importing Assets/WeaponSys/Test/Pistal.cs using Guid(4f209ca681b2a4e6481be35416aa0493) Importer(815301076,1909f56bfc062723c751e8b465ee728b)  -> (artifact id: 'e583151c04ec848875a0e49aabc47cb9') in 0.001803 seconds 
========================================================================
Received Import Request.
  Time since last request: 0.001744 seconds.
  path: Assets/WeaponSys/WeaponSys.cs
  artifactKey: Guid(513f32bdfb7bb41b4be94076d388d0a4) Importer(815301076,1909f56bfc062723c751e8b465ee728b)
Start importing Assets/WeaponSys/WeaponSys.cs using Guid(513f32bdfb7bb41b4be94076d388d0a4) Importer(815301076,1909f56bfc062723c751e8b465ee728b)  -> (artifact id: 'ff90e8d372cc06b2df337f78bedd69cf') in 0.001795 seconds 
========================================================================
Received Import Request.
  Time since last request: 0.000976 seconds.
  path: Assets/WeaponSys/Test/NormalBullet.cs
  artifactKey: Guid(1b32a994524ef4415bbf2d9e42d2c8f3) Importer(815301076,1909f56bfc062723c751e8b465ee728b)
Start importing Assets/WeaponSys/Test/NormalBullet.cs using Guid(1b32a994524ef4415bbf2d9e42d2c8f3) Importer(815301076,1909f56bfc062723c751e8b465ee728b)  -> (artifact id: 'ca2a6fce36e8073586aa98bc1fbca113') in 0.001825 seconds 
========================================================================
Received Import Request.
  Time since last request: 14.168412 seconds.
  path: Assets/WeaponSys/Pistal.prefab
  artifactKey: Guid(39b1090de12664d7ca161fab1c076577) Importer(815301076,1909f56bfc062723c751e8b465ee728b)
Start importing Assets/WeaponSys/Pistal.prefab using Guid(39b1090de12664d7ca161fab1c076577) Importer(815301076,1909f56bfc062723c751e8b465ee728b)  -> (artifact id: 'f0aa75014adb25cbcab7b6eeb20c42c7') in 0.067201 seconds 
