Using pre-set license

 COMMAND LINE ARGUMENTS:
/Applications/2020.3.2f1c1/Unity.app/Contents/MacOS/Unity
-adb2
-batchMode
-noUpm
-name
AssetImportWorker0
-projectPath
/Users/chenyuxuansam/Desktop/Repository/learnUnity/Unity/SFramework
-logFile
Logs/AssetImportWorker0.log
-srvPort
64766
Successfully changed project path to: /Users/chenyuxuansam/Desktop/Repository/learnUnity/Unity/SFramework
/Users/chenyuxuansam/Desktop/Repository/learnUnity/Unity/SFramework
Using Asset Import Pipeline V2.
Refreshing native plugins compatible for Editor in 24.49 ms, found 1 plugins.
Preloading 0 native plugins for Editor in 0.00 ms.
Initialize engine version: 2020.3.2f1c1 (5fdc1e83a2fd)
[Subsystems] Discovering subsystems at path /Applications/2020.3.2f1c1/Unity.app/Contents/Resources/UnitySubsystems
[Subsystems] Discovering subsystems at path /Users/chenyuxuansam/Desktop/Repository/learnUnity/Unity/SFramework/Assets
GfxDevice: creating device client; threaded=0
2021-04-23 21:39:13.348 Unity[64714:2669047] (null) preferred device: Apple M1 (high power)
2021-04-23 21:39:13.348 Unity[64714:2669047] Metal devices available: 1
2021-04-23 21:39:13.348 Unity[64714:2669047] 0: Apple M1 (high power)
2021-04-23 21:39:13.348 Unity[64714:2669047] Using device Apple M1 (high power)
Initializing Metal device caps: Apple M1
Initialize mono
Mono path[0] = '/Applications/2020.3.2f1c1/Unity.app/Contents/Managed'
Mono path[1] = '/Applications/2020.3.2f1c1/Unity.app/Contents/MonoBleedingEdge/lib/mono/unityjit'
Mono config path = '/Applications/2020.3.2f1c1/Unity.app/Contents/MonoBleedingEdge/etc'
Using monoOptions --debugger-agent=transport=dt_socket,embedding=1,server=y,suspend=n,address=127.0.0.1:56714
Begin MonoManager ReloadAssembly
Registering precompiled unity dll's ...
Register platform support module: /Applications/2020.3.2f1c1/PlaybackEngines/WebGLSupport/UnityEditor.WebGL.Extensions.dll
Register platform support module: /Applications/2020.3.2f1c1/Unity.app/Contents/PlaybackEngines/MacStandaloneSupport/UnityEditor.OSXStandalone.Extensions.dll
Register platform support module: /Applications/2020.3.2f1c1/PlaybackEngines/WindowsStandaloneSupport/UnityEditor.WindowsStandalone.Extensions.dll
Registered in 0.002411 seconds.
Native extension for WindowsStandalone target not found
Native extension for OSXStandalone target not found
Native extension for WebGL target not found
Refreshing native plugins compatible for Editor in 24.10 ms, found 1 plugins.
Preloading 0 native plugins for Editor in 0.00 ms.
Invoked RoslynAnalysisRunner static constructor.
RoslynAnalysisRunner will not be running.
RoslynAnalysisRunner has terminated.
Mono: successfully reloaded assembly
- Completed reload, in  1.890 seconds
Platform modules already initialized, skipping
Registering precompiled user dll's ...
Registered in 0.003920 seconds.
Begin MonoManager ReloadAssembly
Native extension for WindowsStandalone target not found
Native extension for OSXStandalone target not found
Native extension for WebGL target not found
Refreshing native plugins compatible for Editor in 0.26 ms, found 1 plugins.
Preloading 0 native plugins for Editor in 0.00 ms.
Invoked RoslynAnalysisRunner static constructor.
RoslynAnalysisRunner will not be running.
RoslynAnalysisRunner has terminated.
Mono: successfully reloaded assembly
- Completed reload, in  2.174 seconds
Platform modules already initialized, skipping
========================================================================
Worker process is ready to serve import requests
Launching external process: /Applications/2020.3.2f1c1/Unity.app/Contents/Tools/UnityShaderCompiler
Launched and connected shader compiler UnityShaderCompiler after 0.02 seconds
Refreshing native plugins compatible for Editor in 0.23 ms, found 1 plugins.
Preloading 0 native plugins for Editor in 0.00 ms.
Unloading 1392 Unused Serialized files (Serialized files now loaded: 0)
System memory in use before: 136.6 MB.
System memory in use after: 136.7 MB.

Unloading 16 unused Assets to reduce memory usage. Loaded Objects now: 1830.
Total: 1.495500 ms (FindLiveObjects: 0.122417 ms CreateObjectMapping: 0.027959 ms MarkObjects: 1.262417 ms  DeleteObjects: 0.081917 ms)

========================================================================
Received Import Request.
  path: Assets/SFramework/Framework/Managers/GUIMgr.cs
  artifactKey: Guid(ea82eb54a62e84d7d95336408c2affdc) Importer(815301076,1909f56bfc062723c751e8b465ee728b)
Start importing Assets/SFramework/Framework/Managers/GUIMgr.cs using Guid(ea82eb54a62e84d7d95336408c2affdc) Importer(815301076,1909f56bfc062723c751e8b465ee728b)  -> (artifact id: '711a5f78f1036d489b0db42e9a19d2cd') in 0.209047 seconds
  Import took 0.210895 seconds .

========================================================================
Received Import Request.
  Time since last request: 0.000276 seconds.
  path: Assets/SFramework/Framework/Managers/SaveMgr.cs
  artifactKey: Guid(3fab471c489c244eb975bf1d837d525e) Importer(815301076,1909f56bfc062723c751e8b465ee728b)
Start importing Assets/SFramework/Framework/Managers/SaveMgr.cs using Guid(3fab471c489c244eb975bf1d837d525e) Importer(815301076,1909f56bfc062723c751e8b465ee728b)  -> (artifact id: '7a8190a656e43886a1f5b5654f5f7331') in 0.001459 seconds
  Import took 0.002933 seconds .

